<?xml version="1.0" encoding="UTF-8"?>
<!-- Generated by org.testng.reporters.JUnitReportReporter -->
<testsuite skipped="0" hostname="mypc" name="miscellanious.SingletonTest" tests="100" failures="0" timestamp="15 Sep 2018 18:21:27 GMT" time="3.815" errors="0">
  <testcase name="testSingleton" time="0.346" classname="miscellanious.SingletonTest"/>
  <testcase name="testSingleton" time="0.379" classname="miscellanious.SingletonTest"/>
  <testcase name="testSingleton" time="0.007" classname="miscellanious.SingletonTest"/>
  <testcase name="testSingleton" time="0.002" classname="miscellanious.SingletonTest"/>
  <testcase name="testSingleton" time="0.001" classname="miscellanious.SingletonTest"/>
  <testcase name="testSingleton" time="0.002" classname="miscellanious.SingletonTest"/>
  <testcase name="testSingleton" time="0.047" classname="miscellanious.SingletonTest"/>
  <testcase name="testSingleton" time="0.002" classname="miscellanious.SingletonTest"/>
  <testcase name="testSingleton" time="0.001" classname="miscellanious.SingletonTest"/>
  <testcase name="testSingleton" time="0.001" classname="miscellanious.SingletonTest"/>
  <testcase name="testSingleton" time="0.050" classname="miscellanious.SingletonTest"/>
  <testcase name="testSingleton" time="0.001" classname="miscellanious.SingletonTest"/>
  <testcase name="testSingleton" time="0.001" classname="miscellanious.SingletonTest"/>
  <testcase name="testSingleton" time="0.001" classname="miscellanious.SingletonTest"/>
  <testcase name="testSingleton" time="0.005" classname="miscellanious.SingletonTest"/>
  <testcase name="testSingleton" time="0.002" classname="miscellanious.SingletonTest"/>
  <testcase name="testSingleton" time="0.004" classname="miscellanious.SingletonTest"/>
  <testcase name="testSingleton" time="0.002" classname="miscellanious.SingletonTest"/>
  <testcase name="testSingleton" time="0.002" classname="miscellanious.SingletonTest"/>
  <testcase name="testSingleton" time="0.001" classname="miscellanious.SingletonTest"/>
  <testcase name="testSingleton" time="0.064" classname="miscellanious.SingletonTest"/>
  <testcase name="testSingleton" time="0.067" classname="miscellanious.SingletonTest"/>
  <testcase name="testSingleton" time="0.003" classname="miscellanious.SingletonTest"/>
  <testcase name="testSingleton" time="0.047" classname="miscellanious.SingletonTest"/>
  <testcase name="testSingleton" time="0.058" classname="miscellanious.SingletonTest"/>
  <testcase name="testSingleton" time="0.064" classname="miscellanious.SingletonTest"/>
  <testcase name="testSingleton" time="0.004" classname="miscellanious.SingletonTest"/>
  <testcase name="testSingleton" time="0.001" classname="miscellanious.SingletonTest"/>
  <testcase name="testSingleton" time="0.001" classname="miscellanious.SingletonTest"/>
  <testcase name="testSingleton" time="0.478" classname="miscellanious.SingletonTest"/>
  <testcase name="testSingleton" time="0.001" classname="miscellanious.SingletonTest"/>
  <testcase name="testSingleton" time="0.350" classname="miscellanious.SingletonTest"/>
  <testcase name="testSingleton" time="0.001" classname="miscellanious.SingletonTest"/>
  <testcase name="testSingleton" time="0.045" classname="miscellanious.SingletonTest"/>
  <testcase name="testSingleton" time="0.031" classname="miscellanious.SingletonTest"/>
  <testcase name="testSingleton" time="0.004" classname="miscellanious.SingletonTest"/>
  <testcase name="testSingleton" time="0.002" classname="miscellanious.SingletonTest"/>
  <testcase name="testSingleton" time="0.025" classname="miscellanious.SingletonTest"/>
  <testcase name="testSingleton" time="0.001" classname="miscellanious.SingletonTest"/>
  <testcase name="testSingleton" time="0.005" classname="miscellanious.SingletonTest"/>
  <testcase name="testSingleton" time="0.002" classname="miscellanious.SingletonTest"/>
  <testcase name="testSingleton" time="0.476" classname="miscellanious.SingletonTest"/>
  <testcase name="testSingleton" time="0.049" classname="miscellanious.SingletonTest"/>
  <testcase name="testSingleton" time="0.007" classname="miscellanious.SingletonTest"/>
  <testcase name="testSingleton" time="0.001" classname="miscellanious.SingletonTest"/>
  <testcase name="testSingleton" time="0.008" classname="miscellanious.SingletonTest"/>
  <testcase name="testSingleton" time="0.001" classname="miscellanious.SingletonTest"/>
  <testcase name="testSingleton" time="0.050" classname="miscellanious.SingletonTest"/>
  <testcase name="testSingleton" time="0.003" classname="miscellanious.SingletonTest"/>
  <testcase name="testSingleton" time="0.002" classname="miscellanious.SingletonTest"/>
  <testcase name="testSingleton" time="0.001" classname="miscellanious.SingletonTest"/>
  <testcase name="testSingleton" time="0.001" classname="miscellanious.SingletonTest"/>
  <testcase name="testSingleton" time="0.013" classname="miscellanious.SingletonTest"/>
  <testcase name="testSingleton" time="0.009" classname="miscellanious.SingletonTest"/>
  <testcase name="testSingleton" time="0.002" classname="miscellanious.SingletonTest"/>
  <testcase name="testSingleton" time="0.007" classname="miscellanious.SingletonTest"/>
  <testcase name="testSingleton" time="0.002" classname="miscellanious.SingletonTest"/>
  <testcase name="testSingleton" time="0.002" classname="miscellanious.SingletonTest"/>
  <testcase name="testSingleton" time="0.005" classname="miscellanious.SingletonTest"/>
  <testcase name="testSingleton" time="0.002" classname="miscellanious.SingletonTest"/>
  <testcase name="testSingleton" time="0.006" classname="miscellanious.SingletonTest"/>
  <testcase name="testSingleton" time="0.002" classname="miscellanious.SingletonTest"/>
  <testcase name="testSingleton" time="0.003" classname="miscellanious.SingletonTest"/>
  <testcase name="testSingleton" time="0.001" classname="miscellanious.SingletonTest"/>
  <testcase name="testSingleton" time="0.149" classname="miscellanious.SingletonTest"/>
  <testcase name="testSingleton" time="0.002" classname="miscellanious.SingletonTest"/>
  <testcase name="testSingleton" time="0.002" classname="miscellanious.SingletonTest"/>
  <testcase name="testSingleton" time="0.001" classname="miscellanious.SingletonTest"/>
  <testcase name="testSingleton" time="0.003" classname="miscellanious.SingletonTest"/>
  <testcase name="testSingleton" time="0.002" classname="miscellanious.SingletonTest"/>
  <testcase name="testSingleton" time="0.002" classname="miscellanious.SingletonTest"/>
  <testcase name="testSingleton" time="0.051" classname="miscellanious.SingletonTest"/>
  <testcase name="testSingleton" time="0.002" classname="miscellanious.SingletonTest"/>
  <testcase name="testSingleton" time="0.008" classname="miscellanious.SingletonTest"/>
  <testcase name="testSingleton" time="0.006" classname="miscellanious.SingletonTest"/>
  <testcase name="testSingleton" time="0.001" classname="miscellanious.SingletonTest"/>
  <testcase name="testSingleton" time="0.002" classname="miscellanious.SingletonTest"/>
  <testcase name="testSingleton" time="0.001" classname="miscellanious.SingletonTest"/>
  <testcase name="testSingleton" time="0.002" classname="miscellanious.SingletonTest"/>
  <testcase name="testSingleton" time="0.017" classname="miscellanious.SingletonTest"/>
  <testcase name="testSingleton" time="0.001" classname="miscellanious.SingletonTest"/>
  <testcase name="testSingleton" time="0.006" classname="miscellanious.SingletonTest"/>
  <testcase name="testSingleton" time="0.009" classname="miscellanious.SingletonTest"/>
  <testcase name="testSingleton" time="0.013" classname="miscellanious.SingletonTest"/>
  <testcase name="testSingleton" time="0.002" classname="miscellanious.SingletonTest"/>
  <testcase name="testSingleton" time="0.002" classname="miscellanious.SingletonTest"/>
  <testcase name="testSingleton" time="0.080" classname="miscellanious.SingletonTest"/>
  <testcase name="testSingleton" time="0.101" classname="miscellanious.SingletonTest"/>
  <testcase name="testSingleton" time="0.001" classname="miscellanious.SingletonTest"/>
  <testcase name="testSingleton" time="0.177" classname="miscellanious.SingletonTest"/>
  <testcase name="testSingleton" time="0.004" classname="miscellanious.SingletonTest"/>
  <testcase name="testSingleton" time="0.043" classname="miscellanious.SingletonTest"/>
  <testcase name="testSingleton" time="0.338" classname="miscellanious.SingletonTest"/>
  <testcase name="testSingleton" time="0.009" classname="miscellanious.SingletonTest"/>
  <testcase name="testSingleton" time="0.002" classname="miscellanious.SingletonTest"/>
  <testcase name="testSingleton" time="0.007" classname="miscellanious.SingletonTest"/>
  <testcase name="testSingleton" time="0.001" classname="miscellanious.SingletonTest"/>
  <testcase name="testSingleton" time="0.001" classname="miscellanious.SingletonTest"/>
  <testcase name="testSingleton" time="0.002" classname="miscellanious.SingletonTest"/>
  <testcase name="testSingleton" time="0.001" classname="miscellanious.SingletonTest"/>
</testsuite> <!-- miscellanious.SingletonTest -->
