<?xml version="1.0" encoding="UTF-8"?>
<!-- Generated by org.testng.reporters.JUnitReportReporter -->
<testsuite skipped="0" hostname="mypc" name="testng2.TestcClass1" tests="2" failures="0" timestamp="15 Sep 2018 21:26:49 GMT" time="0.034" errors="0">
  <testcase name="test12" time="0.004" classname="testng2.TestcClass1"/>
  <testcase name="test11" time="0.030" classname="testng2.TestcClass1"/>
</testsuite> <!-- testng2.TestcClass1 -->
