<?xml version="1.0" encoding="UTF-8"?>
<!-- Generated by org.testng.reporters.JUnitReportReporter -->
<testsuite skipped="0" hostname="mypc" name="miscellanious.InvocationCountAndThreadPool" tests="10" failures="0" timestamp="15 Sep 2018 18:25:39 GMT" time="0.139" errors="0">
  <testcase name="test" time="0.053" classname="miscellanious.InvocationCountAndThreadPool"/>
  <testcase name="test" time="0.024" classname="miscellanious.InvocationCountAndThreadPool"/>
  <testcase name="test" time="0.002" classname="miscellanious.InvocationCountAndThreadPool"/>
  <testcase name="test" time="0.006" classname="miscellanious.InvocationCountAndThreadPool"/>
  <testcase name="test" time="0.037" classname="miscellanious.InvocationCountAndThreadPool"/>
  <testcase name="test" time="0.002" classname="miscellanious.InvocationCountAndThreadPool"/>
  <testcase name="test" time="0.003" classname="miscellanious.InvocationCountAndThreadPool"/>
  <testcase name="test" time="0.004" classname="miscellanious.InvocationCountAndThreadPool"/>
  <testcase name="test" time="0.004" classname="miscellanious.InvocationCountAndThreadPool"/>
  <testcase name="test" time="0.004" classname="miscellanious.InvocationCountAndThreadPool"/>
</testsuite> <!-- miscellanious.InvocationCountAndThreadPool -->
