<?xml version="1.0" encoding="UTF-8"?>
<!-- Generated by org.testng.reporters.JUnitReportReporter -->
<testsuite skipped="0" hostname="mypc" name="testng.TestcClass3" tests="4" failures="0" timestamp="15 Sep 2018 20:50:52 GMT" time="0.060" errors="0">
  <testcase name="test1" time="0.045" classname="testng.TestcClass3"/>
  <testcase name="test3" time="0.005" classname="testng.TestcClass3"/>
  <testcase name="test4" time="0.005" classname="testng.TestcClass3"/>
  <testcase name="test2" time="0.005" classname="testng.TestcClass3"/>
</testsuite> <!-- testng.TestcClass3 -->
