<?xml version="1.0" encoding="UTF-8"?>
<!-- Generated by org.testng.reporters.JUnitReportReporter -->
<testsuite skipped="0" hostname="mypc" name="testng2.Test_BeforeTestAndBeforeMethod" tests="3" failures="0" timestamp="15 Sep 2018 22:00:22 GMT" time="0.017" errors="0">
  <testcase name="secondTest" time="0.003" classname="testng2.Test_BeforeTestAndBeforeMethod"/>
  <testcase name="firstTest" time="0.011" classname="testng2.Test_BeforeTestAndBeforeMethod"/>
  <testcase name="thirdTest" time="0.003" classname="testng2.Test_BeforeTestAndBeforeMethod"/>
</testsuite> <!-- testng2.Test_BeforeTestAndBeforeMethod -->
