<?xml version="1.0" encoding="UTF-8"?>
<!-- Generated by org.testng.reporters.JUnitReportReporter -->
<testsuite skipped="0" hostname="mypc" name="testng.TestcClass1" tests="1" failures="0" timestamp="15 Sep 2018 20:50:52 GMT" time="0.004" errors="0">
  <testcase name="test2" time="0.004" classname="testng.TestcClass1"/>
</testsuite> <!-- testng.TestcClass1 -->
