<?xml version="1.0" encoding="UTF-8"?>
<!-- Generated by org.testng.reporters.JUnitReportReporter -->
<testsuite skipped="0" hostname="mypc" name="testng.TestcClass2" tests="3" failures="0" timestamp="15 Sep 2018 19:46:24 GMT" time="0.009" errors="0">
  <testcase name="test3" time="0.003" classname="testng.TestcClass2"/>
  <testcase name="test1" time="0.003" classname="testng.TestcClass2"/>
  <testcase name="test2" time="0.003" classname="testng.TestcClass2"/>
</testsuite> <!-- testng.TestcClass2 -->
