<?xml version="1.0" encoding="UTF-8"?>
<!-- Generated by org.testng.reporters.JUnitReportReporter -->
<testsuite skipped="0" hostname="mypc" name="testng2.Test_BeforeMethod" tests="3" failures="0" timestamp="15 Sep 2018 21:55:43 GMT" time="0.019" errors="0">
  <testcase name="secondTest" time="0.004" classname="testng2.Test_BeforeMethod"/>
  <testcase name="firstTest" time="0.012" classname="testng2.Test_BeforeMethod"/>
  <testcase name="thirdTest" time="0.003" classname="testng2.Test_BeforeMethod"/>
</testsuite> <!-- testng2.Test_BeforeMethod -->
