<?xml version="1.0" encoding="UTF-8"?>
<!-- Generated by org.testng.reporters.JUnitReportReporter -->
<testsuite skipped="0" hostname="mypc" name="testng2.TestcClass2" tests="1" failures="0" timestamp="15 Sep 2018 21:26:49 GMT" time="0.004" errors="0">
  <testcase name="test22" time="0.004" classname="testng2.TestcClass2"/>
</testsuite> <!-- testng2.TestcClass2 -->
