<?xml version="1.0" encoding="UTF-8"?>
<!-- Generated by org.testng.reporters.JUnitReportReporter -->
<testsuite skipped="0" hostname="mypc" name="com.testngtests.GoogleTest" tests="3" failures="0" timestamp="09 Aug 2018 19:55:59 GMT" time="33.265" errors="0">
  <testcase name="mailLinkTest" time="9.534" classname="com.testngtests.GoogleTest"/>
  <testcase name="titleTest" time="9.991" classname="com.testngtests.GoogleTest"/>
  <testcase name="googleLogoTest" time="13.740" classname="com.testngtests.GoogleTest"/>
</testsuite> <!-- com.testngtests.GoogleTest -->
