<?xml version="1.0" encoding="UTF-8"?>
<!-- Generated by org.testng.reporters.JUnitReportReporter -->
<testsuite skipped="0" hostname="mypc" name="com.testngtests.GoogleTest" tests="1" failures="0" timestamp="10 Aug 2018 20:27:06 GMT" time="10.797" errors="0">
  <testcase name="titleTest" time="10.797" classname="com.testngtests.GoogleTest"/>
</testsuite> <!-- com.testngtests.GoogleTest -->
