<?xml version="1.0" encoding="UTF-8"?>
<!-- Generated by org.testng.reporters.JUnitReportReporter -->
<testsuite skipped="0" hostname="mypc" name="com.testngtests.TestngBasics" tests="1" failures="0" timestamp="09 Aug 2018 18:42:32 GMT" time="0.000" errors="0">
  <testcase name="googleTitleTest" time="0.000" classname="com.testngtests.TestngBasics"/>
</testsuite> <!-- com.testngtests.TestngBasics -->
