<?xml version="1.0" encoding="UTF-8"?>
<!-- Generated by org.testng.reporters.JUnitReportReporter -->
<testsuite skipped="0" hostname="mypc" name="com.testngtests.GroupTestDemo2" tests="6" failures="0" timestamp="09 Aug 2018 20:12:19 GMT" time="0.017" errors="0">
  <testcase name="test1" time="0.000" classname="com.testngtests.GroupTestDemo2"/>
  <testcase name="test5" time="0.000" classname="com.testngtests.GroupTestDemo2"/>
  <testcase name="test2" time="0.000" classname="com.testngtests.GroupTestDemo2"/>
  <testcase name="test4" time="0.000" classname="com.testngtests.GroupTestDemo2"/>
  <testcase name="test6" time="0.017" classname="com.testngtests.GroupTestDemo2"/>
  <testcase name="test3" time="0.000" classname="com.testngtests.GroupTestDemo2"/>
</testsuite> <!-- com.testngtests.GroupTestDemo2 -->
