<?xml version="1.0" encoding="UTF-8"?>
<!-- Generated by org.testng.reporters.JUnitReportReporter -->
<testsuite skipped="0" hostname="mypc" name="com.testngtests.PriorityTestDemo" tests="6" failures="0" timestamp="09 Aug 2018 20:05:41 GMT" time="0.031" errors="0">
  <testcase name="test4" time="0.000" classname="com.testngtests.PriorityTestDemo"/>
  <testcase name="test6" time="0.016" classname="com.testngtests.PriorityTestDemo"/>
  <testcase name="test5" time="0.000" classname="com.testngtests.PriorityTestDemo"/>
  <testcase name="test2" time="0.000" classname="com.testngtests.PriorityTestDemo"/>
  <testcase name="test1" time="0.015" classname="com.testngtests.PriorityTestDemo"/>
  <testcase name="test3" time="0.000" classname="com.testngtests.PriorityTestDemo"/>
</testsuite> <!-- com.testngtests.PriorityTestDemo -->
