<?xml version="1.0" encoding="UTF-8"?>
<!-- Generated by org.testng.reporters.JUnitReportReporter -->
<testsuite skipped="0" hostname="mypc" name="myTests.GetCallBDD" tests="1" failures="0" timestamp="05 Aug 2018 22:29:23 GMT" time="4.250" errors="0">
  <testcase name="test_noOfCircuitsFor2017" time="4.250" classname="myTests.GetCallBDD"/>
</testsuite> <!-- myTests.GetCallBDD -->
